INFO : 应运行时长:120分钟
2024-06-18 12:53:32
INFO : 初始化完毕,开始运行...
2024-06-18 12:53:39
INFO : 本次运行是否需要关机: false
2024-06-18 12:53:39
INFO : 通过鼠标结束
2024-06-18 12:53:47
INFO : 应运行时长:120分钟
2024-06-18 12:54:03
INFO : 初始化完毕,开始运行...
2024-06-18 12:54:08
INFO : 本次运行是否需要关机: false
2024-06-18 12:54:08
INFO : 通过鼠标结束
2024-06-18 13:10:04
INFO : 应运行时长:250分钟
2024-06-18 13:14:13
INFO : 初始化完毕,开始运行...
2024-06-18 13:14:30
INFO : 本次运行是否需要关机: false
2024-06-18 13:14:30
INFO : 通过鼠标结束
2024-06-18 16:02:33
INFO : 应运行时长:250分钟
2024-06-18 19:20:52
INFO : 初始化完毕,开始运行...
2024-06-18 19:21:03
INFO : 本次运行是否需要关机: false
2024-06-18 19:21:03
INFO : 通过鼠标结束
2024-06-18 19:54:29
INFO : 应运行时长:180分钟
2024-06-18 23:07:12
INFO : 应运行时长:180分钟
2024-06-18 23:08:58
INFO : 初始化完毕,开始运行...
2024-06-18 23:09:16
INFO : 本次运行是否需要关机: false
2024-06-18 23:09:16
INFO : 运行时长到达
2024-06-19 07:01:45
INFO : 由于时长到达结束
2024-06-19 07:01:45
INFO : 通过鼠标结束
2024-06-19 07:02:03
INFO : 应运行时长:300分钟
2024-06-19 07:10:13
INFO : 初始化完毕,开始运行...
2024-06-19 07:10:23
INFO : 本次运行是否需要关机: false
2024-06-19 07:10:23
INFO : 运行时长到达
2024-06-19 12:10:23
INFO : 由于时长到达结束
2024-06-19 12:10:23
WARNING : 休眠10s仍未关机,error-停机
2024-06-19 12:10:33
INFO : 应运行时长:250分钟
2024-06-19 13:44:40
INFO : 初始化完毕,开始运行...
2024-06-19 13:45:01
INFO : 本次运行是否需要关机: false
2024-06-19 13:45:01
INFO : 通过鼠标结束
2024-06-19 15:07:17
INFO : 应运行时长:120分钟
2024-06-19 23:59:15
INFO : 初始化完毕,开始运行...
2024-06-20 00:00:47
INFO : 本次运行是否需要关机: true
2024-06-20 00:00:47
INFO : 运行时长到达
2024-06-20 11:13:57
INFO : 准备关机
2024-06-20 11:13:57
INFO : 应运行时长:120分钟
2024-06-20 15:31:33
INFO : 初始化完毕,开始运行...
2024-06-20 15:33:05
INFO : 本次运行是否需要关机: false
2024-06-20 15:33:05
INFO : 通过鼠标结束
2024-06-20 15:56:57
INFO : 应运行时长:120分钟
2024-06-20 19:27:39
INFO : 初始化完毕,开始运行...
2024-06-20 19:27:42
INFO : 本次运行是否需要关机: false
2024-06-20 19:27:42
INFO : 通过鼠标结束
2024-06-20 19:40:35
INFO : 应运行时长:120分钟
2024-06-20 20:00:48
INFO : 初始化完毕,开始运行...
2024-06-20 20:00:50
INFO : 本次运行是否需要关机: false
2024-06-20 20:00:50
INFO : 通过鼠标结束
2024-06-20 20:34:45
INFO : 应运行时长:150分钟
2024-06-20 23:27:05
INFO : 应运行时长:150分钟
2024-06-20 23:29:17
INFO : 是否需要关机:false
2024-06-20 23:29:17
INFO : 应运行时长:150分钟
2024-06-20 23:29:28
INFO : 是否需要关机:false
2024-06-20 23:31:42
INFO : 应运行时长:150分钟
2024-06-20 23:31:46
INFO : 是否需要关机:true
2024-06-20 23:31:46
INFO : 初始化完毕,开始运行...
2024-06-20 23:31:51
INFO : 运行时长到达
2024-06-21 09:00:48
INFO : 准备关机
2024-06-21 09:00:48
INFO : 应运行时长:150分钟
2024-06-21 13:26:33
INFO : 是否需要关机:false
2024-06-21 13:26:33
INFO : 初始化完毕,开始运行...
2024-06-21 13:26:39
INFO : 通过鼠标结束
2024-06-21 13:27:36
INFO : 应运行时长:150分钟
2024-06-21 13:35:19
INFO : 是否需要关机:false
2024-06-21 13:35:19
INFO : 初始化完毕,开始运行...
2024-06-21 13:35:34
INFO : 通过鼠标结束
2024-06-21 15:00:29
INFO : 应运行时长:120分钟
2024-06-21 23:48:04
INFO : 是否需要关机:true
2024-06-21 23:48:05
INFO : 初始化完毕,开始运行...
2024-06-21 23:48:11
INFO : 通过鼠标结束
2024-06-21 23:54:13
INFO : 应运行时长:120分钟
2024-06-21 23:55:17
INFO : 是否需要关机:true
2024-06-21 23:55:17
INFO : 初始化完毕,开始运行...
2024-06-21 23:55:21
INFO : 运行时长到达
2024-06-22 01:55:21
INFO : 准备关机
2024-06-22 01:55:21
INFO : 应运行时长:200分钟
2024-06-22 19:37:30
INFO : 是否需要关机:false
2024-06-22 19:37:30
INFO : 初始化完毕,开始运行...
2024-06-22 19:37:36
INFO : 通过鼠标结束
2024-06-22 21:07:15
INFO : 应运行时长:200分钟
2024-06-23 00:11:19
INFO : 是否需要关机:true
2024-06-23 00:11:19
INFO : 应运行时长:120分钟
2024-06-23 00:11:25
INFO : 是否需要关机:true
2024-06-23 00:11:25
INFO : 初始化完毕,开始运行...
2024-06-23 00:11:29
INFO : 运行时长到达
2024-06-23 02:11:29
INFO : 准备关机
2024-06-23 02:11:29
INFO : 应运行时长:120分钟
2024-06-23 17:02:43
INFO : 是否需要关机:false
2024-06-23 17:02:43
INFO : 初始化完毕,开始运行...
2024-06-23 17:02:45
INFO : 通过鼠标结束
2024-06-23 18:04:52
INFO : 应运行时长:120分钟
2024-06-23 19:25:02
INFO : 是否需要关机:false
2024-06-23 19:25:02
INFO : 初始化完毕,开始运行...
2024-06-23 19:25:05
INFO : 通过鼠标结束
2024-06-23 19:50:16
INFO : 应运行时长:120分钟
2024-06-24 00:26:42
INFO : 是否需要关机:true
2024-06-24 00:26:42
INFO : 初始化完毕,开始运行...
2024-06-24 00:26:59
INFO : 运行时长到达
2024-06-24 08:56:18
INFO : 准备关机
2024-06-24 08:56:18
INFO : 应运行时长:200分钟
2024-06-24 09:33:50
INFO : 是否需要关机:false
2024-06-24 09:33:50
INFO : 初始化完毕,开始运行...
2024-06-24 09:35:13
INFO : 通过鼠标结束
2024-06-24 12:08:35
INFO : 应运行时长:200分钟
2024-06-24 13:39:05
INFO : 是否需要关机:false
2024-06-24 13:39:05
INFO : 初始化完毕,开始运行...
2024-06-24 13:39:16
INFO : 通过鼠标结束
2024-06-24 14:44:18
INFO : 应运行时长:120分钟
2024-06-24 23:24:37
INFO : 是否需要关机:true
2024-06-24 23:24:37
INFO : 初始化完毕,开始运行...
2024-06-24 23:25:22
INFO : 通过鼠标结束
2024-06-25 00:13:51
INFO : 应运行时长:80分钟
2024-06-25 00:19:58
INFO : 是否需要关机:true
2024-06-25 00:19:58
INFO : 初始化完毕,开始运行...
2024-06-25 00:20:09
INFO : 运行时长到达
2024-06-25 07:00:59
INFO : 准备关机
2024-06-25 07:00:59
INFO : 应运行时长:400分钟
2024-06-25 07:16:14
INFO : 是否需要关机:false
2024-06-25 07:16:15
INFO : 初始化完毕,开始运行...
2024-06-25 07:16:21
INFO : 通过鼠标结束
2024-06-25 12:51:01
INFO : 应运行时长:400分钟
2024-06-25 14:21:22
INFO : 是否需要关机:false
2024-06-25 14:21:22
INFO : 初始化完毕,开始运行...
2024-06-25 14:22:19
INFO : 通过鼠标结束
2024-06-25 15:34:41
INFO : 应运行时长:60分钟
2024-06-25 23:57:55
INFO : 是否需要关机:true
2024-06-25 23:57:55
INFO : 初始化完毕,开始运行...
2024-06-25 23:58:57
INFO : 运行时长到达
2024-06-26 00:58:57
INFO : 准备关机
2024-06-26 00:58:57
INFO : 应运行时长:150分钟
2024-06-28 13:23:14
INFO : 是否需要关机:false
2024-06-28 13:23:14
INFO : 初始化完毕,开始运行...
2024-06-28 13:23:36
INFO : 通过鼠标结束
2024-06-28 14:31:27
INFO : 应运行时长:150分钟
2024-06-28 20:59:27
INFO : 是否需要关机:false
2024-06-28 20:59:27
INFO : 初始化完毕,开始运行...
2024-06-28 20:59:34
INFO : 通过鼠标结束
2024-06-28 21:29:03
INFO : 应运行时长:150分钟
2024-06-28 21:40:50
INFO : 是否需要关机:false
2024-06-28 21:40:50
INFO : 初始化完毕,开始运行...
2024-06-28 21:40:59
INFO : 通过鼠标结束
2024-06-28 22:18:19
INFO : 应运行时长:150分钟
2024-06-28 22:18:39
INFO : 是否需要关机:false
2024-06-28 22:18:39
INFO : 初始化完毕,开始运行...
2024-06-28 22:18:42
INFO : 通过鼠标结束
2024-06-28 22:44:18
INFO : 应运行时长:150分钟
2024-06-28 22:45:37
INFO : 是否需要关机:false
2024-06-28 22:45:37
INFO : 初始化完毕,开始运行...
2024-06-28 22:48:17
INFO : 通过鼠标结束
2024-06-29 00:01:41
INFO : 应运行时长:150分钟
2024-06-29 00:02:30
INFO : 是否需要关机:true
2024-06-29 00:02:30
INFO : 初始化完毕,开始运行...
2024-06-29 00:02:38
INFO : 通过鼠标结束
2024-06-29 00:27:31
INFO : 应运行时长:60分钟
2024-06-29 00:28:03
INFO : 是否需要关机:true
2024-06-29 00:28:03
INFO : 初始化完毕,开始运行...
2024-06-29 00:28:07
INFO : 通过鼠标结束
2024-06-29 00:51:44
INFO : 应运行时长:60分钟
2024-06-29 00:52:30
INFO : 是否需要关机:true
2024-06-29 00:52:30
INFO : 应运行时长:60分钟
2024-08-19 13:25:26
INFO : 是否需要关机:false
2024-08-19 13:25:26
INFO : 初始化完毕,开始运行...
2024-08-19 13:25:41
INFO : 通过鼠标结束
2024-08-19 13:29:17
INFO : 应运行时长:120分钟
2024-08-19 13:47:28
INFO : 是否需要关机:false
2024-08-19 13:47:28
INFO : 应运行时长:120分钟
2024-08-19 13:49:48
INFO : 是否需要关机:false
2024-08-19 13:49:48
INFO : 应运行时长:120分钟
2024-08-19 13:50:24
INFO : 是否需要关机:false
2024-08-19 13:50:24
INFO : 应运行时长:120分钟
2024-08-19 13:51:14
INFO : 是否需要关机:false
2024-08-19 13:51:14
INFO : 应运行时长:120分钟
2024-08-19 13:53:03
INFO : 是否需要关机:false
2024-08-19 13:53:03
INFO : 应运行时长:120分钟
2024-08-19 13:56:10
INFO : 是否需要关机:false
2024-08-19 13:56:10
INFO : 应运行时长:120分钟
2024-08-19 14:00:51
INFO : 是否需要关机:false
2024-08-19 14:00:51
INFO : 初始化完毕,开始运行...
2024-08-19 14:00:54
INFO : 通过鼠标结束
2024-08-19 14:00:56
INFO : 应运行时长:120分钟
2024-08-19 14:01:52
INFO : 是否需要关机:false
2024-08-19 14:01:52
